TN:
SF:src/app/components/cart/cart.component.ts
FN:57,(anonymous_0)
FN:59,(anonymous_1)
FN:60,(anonymous_2)
FN:66,(anonymous_3)
FN:70,(anonymous_4)
FN:74,(anonymous_5)
FNF:6
FNH:6
FNDA:6,(anonymous_0)
FNDA:6,(anonymous_1)
FNDA:8,(anonymous_2)
FNDA:1,(anonymous_3)
FNDA:1,(anonymous_4)
FNDA:1,(anonymous_5)
DA:53,1
DA:54,6
DA:55,6
DA:57,6
DA:60,6
DA:61,8
DA:62,8
DA:67,1
DA:71,1
DA:75,1
LF:10
LH:10
BRF:0
BRH:0
end_of_record
TN:
SF:src/app/components/login/login.component.ts
FN:21,(anonymous_0)
FN:23,(anonymous_1)
FN:27,(anonymous_2)
FN:28,(anonymous_3)
FNF:4
FNH:4
FNDA:13,(anonymous_0)
FNDA:5,(anonymous_1)
FNDA:3,(anonymous_2)
FNDA:2,(anonymous_3)
DA:17,1
DA:18,13
DA:19,13
DA:20,13
DA:21,13
DA:24,5
DA:25,5
DA:26,5
DA:27,3
DA:28,2
LF:10
LH:10
BRDA:28,0,0,2
BRDA:28,0,1,1
BRF:2
BRH:2
end_of_record
TN:
SF:src/app/components/media-manager/media-manager.component.ts
FN:36,(anonymous_0)
FN:38,(anonymous_1)
FN:41,(anonymous_2)
FN:43,(anonymous_3)
FN:45,(anonymous_4)
FN:49,(anonymous_5)
FN:53,(anonymous_6)
FN:66,(anonymous_7)
FN:66,(anonymous_8)
FNF:9
FNH:5
FNDA:7,(anonymous_0)
FNDA:7,(anonymous_1)
FNDA:7,(anonymous_2)
FNDA:14,(anonymous_3)
FNDA:0,(anonymous_4)
FNDA:0,(anonymous_5)
FNDA:4,(anonymous_6)
FNDA:0,(anonymous_7)
FNDA:0,(anonymous_8)
DA:30,1
DA:31,7
DA:32,7
DA:33,7
DA:34,7
DA:35,7
DA:36,7
DA:40,7
DA:42,7
DA:43,14
DA:45,0
DA:50,0
DA:54,4
DA:55,4
DA:56,4
DA:57,3
DA:58,2
DA:59,2
DA:60,1
DA:61,1
DA:62,0
DA:63,0
DA:64,0
DA:65,0
DA:66,0
LF:25
LH:18
BRDA:56,0,0,1
BRDA:57,1,0,1
BRDA:59,2,0,1
BRDA:61,3,0,1
BRF:4
BRH:4
end_of_record
TN:
SF:src/app/components/order-list/order-list.component.ts
FN:61,(anonymous_0)
FN:63,(anonymous_1)
FN:67,(anonymous_2)
FN:73,(anonymous_3)
FN:75,(anonymous_4)
FN:78,(anonymous_5)
FN:85,(anonymous_6)
FN:87,(anonymous_7)
FN:90,(anonymous_8)
FN:96,(anonymous_9)
FN:98,(anonymous_10)
FN:101,(anonymous_11)
FN:107,(anonymous_12)
FN:109,(anonymous_13)
FN:112,(anonymous_14)
FN:118,(anonymous_15)
FN:120,(anonymous_16)
FN:123,(anonymous_17)
FNF:18
FNH:15
FNDA:12,(anonymous_0)
FNDA:4,(anonymous_1)
FNDA:10,(anonymous_2)
FNDA:11,(anonymous_3)
FNDA:10,(anonymous_4)
FNDA:1,(anonymous_5)
FNDA:2,(anonymous_6)
FNDA:1,(anonymous_7)
FNDA:1,(anonymous_8)
FNDA:2,(anonymous_9)
FNDA:1,(anonymous_10)
FNDA:1,(anonymous_11)
FNDA:0,(anonymous_12)
FNDA:0,(anonymous_13)
FNDA:0,(anonymous_14)
FNDA:2,(anonymous_15)
FNDA:1,(anonymous_16)
FNDA:1,(anonymous_17)
DA:57,1
DA:58,12
DA:61,12
DA:62,12
DA:63,4
DA:68,10
DA:69,7
DA:74,11
DA:76,10
DA:79,1
DA:80,1
DA:86,2
DA:88,1
DA:91,1
DA:97,2
DA:99,1
DA:102,1
DA:108,0
DA:110,0
DA:113,0
DA:119,2
DA:121,1
DA:124,1
DA:129,12
LF:24
LH:21
BRDA:68,0,0,7
BRDA:80,1,0,1
BRDA:80,1,1,0
BRDA:91,2,0,1
BRDA:91,2,1,0
BRDA:102,3,0,1
BRDA:102,3,1,0
BRDA:113,4,0,0
BRDA:113,4,1,0
BRDA:124,5,0,1
BRDA:124,5,1,0
BRF:11
BRH:5
end_of_record
TN:
SF:src/app/components/product-list/product-list.component.ts
FN:43,(anonymous_0)
FN:51,(anonymous_1)
FN:54,(anonymous_2)
FN:56,(anonymous_3)
FN:63,(anonymous_4)
FN:64,(anonymous_5)
FN:68,(anonymous_6)
FN:75,(anonymous_7)
FN:78,(anonymous_8)
FN:81,(anonymous_9)
FNF:10
FNH:6
FNDA:4,(anonymous_0)
FNDA:0,(anonymous_1)
FNDA:4,(anonymous_2)
FNDA:4,(anonymous_3)
FNDA:8,(anonymous_4)
FNDA:0,(anonymous_5)
FNDA:0,(anonymous_6)
FNDA:4,(anonymous_7)
FNDA:6,(anonymous_8)
FNDA:0,(anonymous_9)
DA:37,1
DA:38,4
DA:39,4
DA:44,4
DA:45,4
DA:46,4
DA:47,4
DA:49,4
DA:50,4
DA:51,0
DA:55,4
DA:57,4
DA:58,4
DA:60,4
DA:61,8
DA:62,8
DA:63,8
DA:64,0
DA:69,0
DA:70,0
DA:76,4
DA:77,4
DA:78,6
DA:82,0
LF:24
LH:19
BRDA:61,0,0,8
BRDA:61,0,1,0
BRDA:76,1,0,4
BRDA:76,1,1,1
BRDA:77,2,0,1
BRDA:78,3,0,6
BRDA:78,3,1,2
BRDA:78,4,0,6
BRDA:78,4,1,0
BRDA:78,5,0,2
BRDA:78,5,1,2
BRF:11
BRH:9
end_of_record
TN:
SF:src/app/components/register/register.component.ts
FN:21,(anonymous_0)
FN:23,(anonymous_1)
FN:27,(anonymous_2)
FN:28,(anonymous_3)
FNF:4
FNH:3
FNDA:3,(anonymous_0)
FNDA:1,(anonymous_1)
FNDA:1,(anonymous_2)
FNDA:0,(anonymous_3)
DA:19,1
DA:20,3
DA:21,3
DA:24,1
DA:25,1
DA:26,1
DA:27,1
DA:28,0
LF:8
LH:7
BRDA:28,0,0,0
BRDA:28,0,1,0
BRF:2
BRH:0
end_of_record
TN:
SF:src/app/components/seller-dashboard/seller-dashboard.component.ts
FN:67,(anonymous_0)
FN:68,(anonymous_1)
FN:70,(anonymous_2)
FN:74,(anonymous_3)
FN:81,(anonymous_4)
FN:87,(anonymous_5)
FN:87,(anonymous_6)
FN:92,(anonymous_7)
FN:96,(anonymous_8)
FN:96,(anonymous_9)
FN:99,(anonymous_10)
FN:102,(anonymous_11)
FN:102,(anonymous_12)
FN:105,(anonymous_13)
FN:111,(anonymous_14)
FN:111,(anonymous_15)
FN:114,(anonymous_16)
FN:119,(anonymous_17)
FN:119,(anonymous_18)
FNF:19
FNH:13
FNDA:7,(anonymous_0)
FNDA:1,(anonymous_1)
FNDA:1,(anonymous_2)
FNDA:1,(anonymous_3)
FNDA:3,(anonymous_4)
FNDA:2,(anonymous_5)
FNDA:0,(anonymous_6)
FNDA:1,(anonymous_7)
FNDA:1,(anonymous_8)
FNDA:0,(anonymous_9)
FNDA:1,(anonymous_10)
FNDA:1,(anonymous_11)
FNDA:0,(anonymous_12)
FNDA:1,(anonymous_13)
FNDA:1,(anonymous_14)
FNDA:0,(anonymous_15)
FNDA:1,(anonymous_16)
FNDA:0,(anonymous_17)
FNDA:0,(anonymous_18)
DA:60,1
DA:61,7
DA:62,7
DA:63,7
DA:64,7
DA:65,7
DA:66,7
DA:67,7
DA:68,1
DA:71,1
DA:72,1
DA:74,1
DA:75,1
DA:76,1
DA:77,0
DA:78,0
DA:81,1
DA:82,3
DA:85,1
DA:86,2
DA:87,2
DA:93,1
DA:94,1
DA:95,1
DA:96,1
DA:100,1
DA:101,1
DA:102,1
DA:107,1
DA:108,1
DA:109,1
DA:110,1
DA:111,1
DA:115,1
DA:116,1
DA:117,0
DA:118,0
DA:119,0
LF:38
LH:33
BRDA:76,0,0,0
BRDA:86,1,0,2
BRDA:86,1,1,1
BRDA:100,2,0,0
BRDA:101,3,0,1
BRDA:101,3,1,0
BRDA:108,4,0,0
BRDA:108,5,0,1
BRDA:108,5,1,1
BRDA:109,6,0,1
BRDA:109,6,1,0
BRDA:116,7,0,1
BRDA:117,8,0,0
BRF:13
BRH:7
end_of_record
TN:
SF:src/app/services/auth.guard.ts
FN:7,(anonymous_0)
FN:8,(anonymous_1)
FNF:2
FNH:2
FNDA:3,(anonymous_0)
FNDA:2,(anonymous_1)
DA:6,1
DA:7,3
DA:9,2
DA:10,1
DA:11,1
LF:5
LH:5
BRDA:9,0,0,1
BRF:1
BRH:1
end_of_record
TN:
SF:src/app/services/auth.service.ts
FN:12,(anonymous_0)
FN:16,(anonymous_1)
FN:20,(anonymous_2)
FN:23,(anonymous_3)
FN:25,(anonymous_4)
FN:26,(anonymous_5)
FN:28,(anonymous_6)
FN:39,(anonymous_7)
FN:43,(anonymous_8)
FN:44,(anonymous_9)
FN:50,(anonymous_10)
FN:59,(anonymous_11)
FN:68,(anonymous_12)
FNF:13
FNH:11
FNDA:30,(anonymous_0)
FNDA:16,(anonymous_1)
FNDA:12,(anonymous_2)
FNDA:0,(anonymous_3)
FNDA:2,(anonymous_4)
FNDA:3,(anonymous_5)
FNDA:2,(anonymous_6)
FNDA:4,(anonymous_7)
FNDA:49,(anonymous_8)
FNDA:3,(anonymous_9)
FNDA:5,(anonymous_10)
FNDA:0,(anonymous_11)
FNDA:10,(anonymous_12)
DA:8,1
DA:9,30
DA:10,30
DA:12,30
DA:15,30
DA:16,16
DA:19,30
DA:20,12
DA:23,30
DA:25,2
DA:26,3
DA:29,2
DA:30,2
DA:31,2
DA:33,2
DA:35,0
DA:40,4
DA:41,4
DA:43,49
DA:45,3
DA:46,3
DA:47,3
DA:51,5
DA:52,5
DA:53,4
DA:54,4
DA:55,3
DA:56,1
DA:60,0
DA:61,0
DA:62,0
DA:63,0
DA:64,0
DA:65,0
DA:69,10
DA:70,10
DA:71,5
DA:72,5
DA:73,3
DA:76,2
DA:77,2
LF:41
LH:34
BRDA:16,0,0,2
BRDA:16,0,1,14
BRDA:30,1,0,0
BRDA:52,2,0,1
BRDA:61,3,0,0
BRDA:70,4,0,5
BRDA:73,5,0,3
BRDA:73,5,1,3
BRDA:73,5,2,2
BRDA:73,5,3,1
BRF:10
BRH:8
end_of_record
TN:
SF:src/app/services/cart.service.ts
FN:21,(anonymous_0)
FN:22,(anonymous_1)
FN:27,(anonymous_2)
FN:31,(anonymous_3)
FN:32,(anonymous_4)
FN:48,(anonymous_5)
FN:49,(anonymous_6)
FN:53,(anonymous_7)
FN:54,(anonymous_8)
FN:65,(anonymous_9)
FN:70,(anonymous_10)
FN:71,(anonymous_11)
FN:74,(anonymous_12)
FN:79,(anonymous_13)
FN:84,(anonymous_14)
FNF:15
FNH:15
FNDA:17,(anonymous_0)
FNDA:18,(anonymous_1)
FNDA:8,(anonymous_2)
FNDA:14,(anonymous_3)
FNDA:4,(anonymous_4)
FNDA:2,(anonymous_5)
FNDA:2,(anonymous_6)
FNDA:2,(anonymous_7)
FNDA:2,(anonymous_8)
FNDA:1,(anonymous_9)
FNDA:2,(anonymous_10)
FNDA:2,(anonymous_11)
FNDA:36,(anonymous_12)
FNDA:18,(anonymous_13)
FNDA:18,(anonymous_14)
DA:17,1
DA:18,17
DA:19,17
DA:21,17
DA:22,17
DA:23,18
DA:28,8
DA:32,14
DA:33,14
DA:34,2
DA:36,12
DA:45,14
DA:49,2
DA:50,2
DA:54,2
DA:55,2
DA:56,2
DA:57,2
DA:58,1
DA:60,1
DA:66,1
DA:67,1
DA:71,2
DA:75,36
DA:76,36
DA:80,18
DA:81,18
DA:85,18
DA:86,18
DA:87,1
DA:89,17
DA:91,18
LF:32
LH:32
BRDA:32,0,0,4
BRDA:32,0,1,0
BRDA:33,1,0,2
BRDA:33,1,1,12
BRDA:37,2,0,12
BRDA:37,2,1,1
BRDA:41,3,0,1
BRDA:41,3,1,11
BRDA:41,4,0,12
BRDA:41,4,1,1
BRDA:55,5,0,2
BRDA:57,6,0,1
BRDA:57,6,1,1
BRDA:76,7,0,2
BRDA:76,7,1,34
BRDA:86,8,0,1
BRDA:86,8,1,17
BRF:17
BRH:16
end_of_record
TN:
SF:src/app/services/media.service.ts
FN:7,(anonymous_0)
FN:9,(anonymous_1)
FN:16,(anonymous_2)
FNF:3
FNH:3
FNDA:7,(anonymous_0)
FNDA:3,(anonymous_1)
FNDA:4,(anonymous_2)
DA:5,1
DA:6,7
DA:7,7
DA:10,3
DA:11,3
DA:12,3
DA:13,3
DA:17,4
LF:8
LH:8
BRF:0
BRH:0
end_of_record
TN:
SF:src/app/services/order.service.ts
FN:11,(anonymous_0)
FN:14,(anonymous_1)
FN:19,(anonymous_2)
FN:24,(anonymous_3)
FN:29,(anonymous_4)
FN:34,(anonymous_5)
FN:39,(anonymous_6)
FNF:7
FNH:5
FNDA:5,(anonymous_0)
FNDA:1,(anonymous_1)
FNDA:0,(anonymous_2)
FNDA:1,(anonymous_3)
FNDA:1,(anonymous_4)
FNDA:0,(anonymous_5)
FNDA:1,(anonymous_6)
DA:8,1
DA:9,5
DA:11,5
DA:15,1
DA:20,0
DA:25,1
DA:30,1
DA:35,0
DA:40,1
LF:9
LH:7
BRF:0
BRH:0
end_of_record
TN:
SF:src/app/services/product.service.ts
FN:7,(anonymous_0)
FN:9,(anonymous_1)
FN:10,(anonymous_2)
FN:11,(anonymous_3)
FN:12,(anonymous_4)
FN:13,(anonymous_5)
FNF:6
FNH:6
FNDA:13,(anonymous_0)
FNDA:4,(anonymous_1)
FNDA:3,(anonymous_2)
FNDA:2,(anonymous_3)
FNDA:3,(anonymous_4)
FNDA:4,(anonymous_5)
DA:5,1
DA:6,13
DA:7,13
DA:9,4
DA:10,3
DA:11,2
DA:12,3
DA:13,4
LF:8
LH:8
BRF:0
BRH:0
end_of_record
TN:
SF:src/app/services/token.interceptor.ts
FN:7,(anonymous_0)
FNF:1
FNH:1
FNDA:17,(anonymous_0)
DA:6,1
DA:8,17
DA:9,17
DA:10,14
DA:11,14
DA:13,3
LF:6
LH:6
BRDA:9,0,0,14
BRF:1
BRH:1
end_of_record
