TN:
SF:src/app/components/cart/cart.component.ts
FN:57,(anonymous_0)
FN:59,(anonymous_1)
FN:60,(anonymous_2)
FN:66,(anonymous_3)
FN:70,(anonymous_4)
FN:74,(anonymous_5)
FNF:6
FNH:6
FNDA:6,(anonymous_0)
FNDA:6,(anonymous_1)
FNDA:8,(anonymous_2)
FNDA:1,(anonymous_3)
FNDA:1,(anonymous_4)
FNDA:1,(anonymous_5)
DA:53,1
DA:54,6
DA:55,6
DA:57,6
DA:60,6
DA:61,8
DA:62,8
DA:67,1
DA:71,1
DA:75,1
LF:10
LH:10
BRF:0
BRH:0
end_of_record
TN:
SF:src/app/components/login/login.component.ts
FN:21,(anonymous_0)
FN:23,(anonymous_1)
FN:27,(anonymous_2)
FN:28,(anonymous_3)
FNF:4
FNH:4
FNDA:13,(anonymous_0)
FNDA:5,(anonymous_1)
FNDA:3,(anonymous_2)
FNDA:2,(anonymous_3)
DA:17,1
DA:18,13
DA:19,13
DA:20,13
DA:21,13
DA:24,5
DA:25,5
DA:26,5
DA:27,3
DA:28,2
LF:10
LH:10
BRDA:28,0,0,2
BRDA:28,0,1,1
BRF:2
BRH:2
end_of_record
TN:
SF:src/app/components/media-manager/media-manager.component.ts
FN:36,(anonymous_0)
FN:38,(anonymous_1)
FN:41,(anonymous_2)
FN:43,(anonymous_3)
FN:45,(anonymous_4)
FN:49,(anonymous_5)
FN:53,(anonymous_6)
FN:66,(anonymous_7)
FN:66,(anonymous_8)
FNF:9
FNH:5
FNDA:7,(anonymous_0)
FNDA:7,(anonymous_1)
FNDA:7,(anonymous_2)
FNDA:14,(anonymous_3)
FNDA:0,(anonymous_4)
FNDA:0,(anonymous_5)
FNDA:4,(anonymous_6)
FNDA:0,(anonymous_7)
FNDA:0,(anonymous_8)
DA:30,1
DA:31,7
DA:32,7
DA:33,7
DA:34,7
DA:35,7
DA:36,7
DA:40,7
DA:42,7
DA:43,14
DA:45,0
DA:50,0
DA:54,4
DA:55,4
DA:56,4
DA:57,3
DA:58,2
DA:59,2
DA:60,1
DA:61,1
DA:62,0
DA:63,0
DA:64,0
DA:65,0
DA:66,0
LF:25
LH:18
BRDA:56,0,0,1
BRDA:57,1,0,1
BRDA:59,2,0,1
BRDA:61,3,0,1
BRF:4
BRH:4
end_of_record
TN:
SF:src/app/components/order-list/order-list.component.ts
FN:50,(anonymous_0)
FN:52,(anonymous_1)
FN:58,(anonymous_2)
FN:60,(anonymous_3)
FN:63,(anonymous_4)
FN:70,(anonymous_5)
FN:72,(anonymous_6)
FN:75,(anonymous_7)
FN:81,(anonymous_8)
FN:83,(anonymous_9)
FN:86,(anonymous_10)
FN:92,(anonymous_11)
FN:94,(anonymous_12)
FN:97,(anonymous_13)
FNF:14
FNH:4
FNDA:3,(anonymous_0)
FNDA:2,(anonymous_1)
FNDA:1,(anonymous_2)
FNDA:1,(anonymous_3)
FNDA:0,(anonymous_4)
FNDA:0,(anonymous_5)
FNDA:0,(anonymous_6)
FNDA:0,(anonymous_7)
FNDA:0,(anonymous_8)
FNDA:0,(anonymous_9)
FNDA:0,(anonymous_10)
FNDA:0,(anonymous_11)
FNDA:0,(anonymous_12)
FNDA:0,(anonymous_13)
DA:47,1
DA:48,3
DA:50,3
DA:53,2
DA:54,1
DA:59,1
DA:61,1
DA:64,0
DA:65,0
DA:71,0
DA:73,0
DA:76,0
DA:82,0
DA:84,0
DA:87,0
DA:93,0
DA:95,0
DA:98,0
DA:103,3
LF:19
LH:8
BRDA:53,0,0,1
BRDA:65,1,0,0
BRDA:65,1,1,0
BRDA:76,2,0,0
BRDA:76,2,1,0
BRDA:87,3,0,0
BRDA:87,3,1,0
BRDA:98,4,0,0
BRDA:98,4,1,0
BRF:9
BRH:1
end_of_record
TN:
SF:src/app/components/product-list/product-list.component.ts
FN:41,(anonymous_0)
FN:49,(anonymous_1)
FN:51,(anonymous_2)
FN:58,(anonymous_3)
FN:59,(anonymous_4)
FN:63,(anonymous_5)
FN:70,(anonymous_6)
FN:73,(anonymous_7)
FN:76,(anonymous_8)
FNF:9
FNH:6
FNDA:4,(anonymous_0)
FNDA:4,(anonymous_1)
FNDA:4,(anonymous_2)
FNDA:8,(anonymous_3)
FNDA:0,(anonymous_4)
FNDA:0,(anonymous_5)
FNDA:4,(anonymous_6)
FNDA:6,(anonymous_7)
FNDA:0,(anonymous_8)
DA:36,1
DA:37,4
DA:38,4
DA:42,4
DA:43,4
DA:44,4
DA:45,4
DA:47,4
DA:50,4
DA:52,4
DA:53,4
DA:55,4
DA:56,8
DA:57,8
DA:58,8
DA:59,0
DA:64,0
DA:65,0
DA:71,4
DA:72,4
DA:73,6
DA:77,0
LF:22
LH:18
BRDA:56,0,0,8
BRDA:56,0,1,0
BRDA:71,1,0,4
BRDA:71,1,1,1
BRDA:72,2,0,1
BRDA:73,3,0,6
BRDA:73,3,1,2
BRDA:73,4,0,6
BRDA:73,4,1,0
BRDA:73,5,0,2
BRDA:73,5,1,2
BRF:11
BRH:9
end_of_record
TN:
SF:src/app/components/register/register.component.ts
FN:21,(anonymous_0)
FN:23,(anonymous_1)
FN:27,(anonymous_2)
FN:28,(anonymous_3)
FNF:4
FNH:3
FNDA:3,(anonymous_0)
FNDA:1,(anonymous_1)
FNDA:1,(anonymous_2)
FNDA:0,(anonymous_3)
DA:19,1
DA:20,3
DA:21,3
DA:24,1
DA:25,1
DA:26,1
DA:27,1
DA:28,0
LF:8
LH:7
BRDA:28,0,0,0
BRDA:28,0,1,0
BRF:2
BRH:0
end_of_record
TN:
SF:src/app/components/seller-dashboard/seller-dashboard.component.ts
FN:67,(anonymous_0)
FN:68,(anonymous_1)
FN:70,(anonymous_2)
FN:74,(anonymous_3)
FN:81,(anonymous_4)
FN:87,(anonymous_5)
FN:87,(anonymous_6)
FN:92,(anonymous_7)
FN:96,(anonymous_8)
FN:96,(anonymous_9)
FN:99,(anonymous_10)
FN:102,(anonymous_11)
FN:102,(anonymous_12)
FN:105,(anonymous_13)
FN:111,(anonymous_14)
FN:111,(anonymous_15)
FN:114,(anonymous_16)
FN:119,(anonymous_17)
FN:119,(anonymous_18)
FNF:19
FNH:13
FNDA:7,(anonymous_0)
FNDA:1,(anonymous_1)
FNDA:1,(anonymous_2)
FNDA:1,(anonymous_3)
FNDA:3,(anonymous_4)
FNDA:2,(anonymous_5)
FNDA:0,(anonymous_6)
FNDA:1,(anonymous_7)
FNDA:1,(anonymous_8)
FNDA:0,(anonymous_9)
FNDA:1,(anonymous_10)
FNDA:1,(anonymous_11)
FNDA:0,(anonymous_12)
FNDA:1,(anonymous_13)
FNDA:1,(anonymous_14)
FNDA:0,(anonymous_15)
FNDA:1,(anonymous_16)
FNDA:0,(anonymous_17)
FNDA:0,(anonymous_18)
DA:60,1
DA:61,7
DA:62,7
DA:63,7
DA:64,7
DA:65,7
DA:66,7
DA:67,7
DA:68,1
DA:71,1
DA:72,1
DA:74,1
DA:75,1
DA:76,1
DA:77,0
DA:78,0
DA:81,1
DA:82,3
DA:85,1
DA:86,2
DA:87,2
DA:93,1
DA:94,1
DA:95,1
DA:96,1
DA:100,1
DA:101,1
DA:102,1
DA:107,1
DA:108,1
DA:109,1
DA:110,1
DA:111,1
DA:115,1
DA:116,1
DA:117,0
DA:118,0
DA:119,0
LF:38
LH:33
BRDA:76,0,0,0
BRDA:86,1,0,2
BRDA:86,1,1,1
BRDA:100,2,0,0
BRDA:101,3,0,1
BRDA:101,3,1,0
BRDA:108,4,0,0
BRDA:108,5,0,1
BRDA:108,5,1,1
BRDA:109,6,0,1
BRDA:109,6,1,0
BRDA:116,7,0,1
BRDA:117,8,0,0
BRF:13
BRH:7
end_of_record
TN:
SF:src/app/services/auth.guard.ts
FN:7,(anonymous_0)
FN:8,(anonymous_1)
FNF:2
FNH:2
FNDA:3,(anonymous_0)
FNDA:2,(anonymous_1)
DA:6,1
DA:7,3
DA:9,2
DA:10,1
DA:11,1
LF:5
LH:5
BRDA:9,0,0,1
BRF:1
BRH:1
end_of_record
TN:
SF:src/app/services/auth.service.ts
FN:12,(anonymous_0)
FN:16,(anonymous_1)
FN:20,(anonymous_2)
FN:23,(anonymous_3)
FN:25,(anonymous_4)
FN:26,(anonymous_5)
FN:28,(anonymous_6)
FN:40,(anonymous_7)
FN:44,(anonymous_8)
FN:45,(anonymous_9)
FN:51,(anonymous_10)
FN:60,(anonymous_11)
FNF:12
FNH:11
FNDA:30,(anonymous_0)
FNDA:16,(anonymous_1)
FNDA:12,(anonymous_2)
FNDA:0,(anonymous_3)
FNDA:2,(anonymous_4)
FNDA:3,(anonymous_5)
FNDA:2,(anonymous_6)
FNDA:4,(anonymous_7)
FNDA:49,(anonymous_8)
FNDA:3,(anonymous_9)
FNDA:5,(anonymous_10)
FNDA:10,(anonymous_11)
DA:8,1
DA:9,30
DA:10,30
DA:12,30
DA:15,30
DA:16,16
DA:19,30
DA:20,12
DA:23,30
DA:25,2
DA:26,3
DA:29,2
DA:30,2
DA:31,2
DA:33,2
DA:35,0
DA:41,4
DA:42,4
DA:44,49
DA:46,3
DA:47,3
DA:48,3
DA:52,5
DA:53,5
DA:54,4
DA:55,4
DA:56,3
DA:57,1
DA:61,10
DA:62,10
DA:63,5
DA:64,5
DA:65,3
DA:66,3
DA:69,2
DA:70,2
LF:36
LH:35
BRDA:16,0,0,2
BRDA:16,0,1,14
BRDA:30,1,0,0
BRDA:53,2,0,1
BRDA:62,3,0,5
BRDA:66,4,0,3
BRDA:66,4,1,3
BRDA:66,4,2,2
BRDA:66,4,3,1
BRF:9
BRH:8
end_of_record
TN:
SF:src/app/services/cart.service.ts
FN:21,(anonymous_0)
FN:22,(anonymous_1)
FN:27,(anonymous_2)
FN:31,(anonymous_3)
FN:32,(anonymous_4)
FN:48,(anonymous_5)
FN:49,(anonymous_6)
FN:53,(anonymous_7)
FN:54,(anonymous_8)
FN:65,(anonymous_9)
FN:70,(anonymous_10)
FN:71,(anonymous_11)
FN:74,(anonymous_12)
FN:79,(anonymous_13)
FN:84,(anonymous_14)
FNF:15
FNH:4
FNDA:4,(anonymous_0)
FNDA:4,(anonymous_1)
FNDA:0,(anonymous_2)
FNDA:0,(anonymous_3)
FNDA:0,(anonymous_4)
FNDA:0,(anonymous_5)
FNDA:0,(anonymous_6)
FNDA:0,(anonymous_7)
FNDA:0,(anonymous_8)
FNDA:0,(anonymous_9)
FNDA:0,(anonymous_10)
FNDA:0,(anonymous_11)
FNDA:4,(anonymous_12)
FNDA:0,(anonymous_13)
FNDA:4,(anonymous_14)
DA:17,1
DA:18,4
DA:19,4
DA:21,4
DA:22,4
DA:23,4
DA:28,0
DA:32,0
DA:33,0
DA:34,0
DA:36,0
DA:45,0
DA:49,0
DA:50,0
DA:54,0
DA:55,0
DA:56,0
DA:57,0
DA:58,0
DA:60,0
DA:66,0
DA:67,0
DA:71,0
DA:75,4
DA:76,4
DA:80,0
DA:81,0
DA:85,4
DA:86,4
DA:87,0
DA:89,4
DA:91,4
LF:32
LH:12
BRDA:32,0,0,0
BRDA:32,0,1,0
BRDA:33,1,0,0
BRDA:33,1,1,0
BRDA:37,2,0,0
BRDA:37,2,1,0
BRDA:41,3,0,0
BRDA:41,3,1,0
BRDA:41,4,0,0
BRDA:41,4,1,0
BRDA:55,5,0,0
BRDA:57,6,0,0
BRDA:57,6,1,0
BRDA:76,7,0,0
BRDA:76,7,1,4
BRDA:86,8,0,0
BRDA:86,8,1,4
BRF:17
BRH:2
end_of_record
TN:
SF:src/app/services/media.service.ts
FN:7,(anonymous_0)
FN:9,(anonymous_1)
FN:16,(anonymous_2)
FNF:3
FNH:3
FNDA:7,(anonymous_0)
FNDA:3,(anonymous_1)
FNDA:4,(anonymous_2)
DA:5,1
DA:6,7
DA:7,7
DA:10,3
DA:11,3
DA:12,3
DA:13,3
DA:17,4
LF:8
LH:8
BRF:0
BRH:0
end_of_record
TN:
SF:src/app/services/order.service.ts
FN:11,(anonymous_0)
FN:14,(anonymous_1)
FN:19,(anonymous_2)
FN:24,(anonymous_3)
FN:29,(anonymous_4)
FN:34,(anonymous_5)
FNF:6
FNH:5
FNDA:5,(anonymous_0)
FNDA:1,(anonymous_1)
FNDA:0,(anonymous_2)
FNDA:1,(anonymous_3)
FNDA:1,(anonymous_4)
FNDA:1,(anonymous_5)
DA:8,1
DA:9,5
DA:11,5
DA:15,1
DA:20,0
DA:25,1
DA:30,1
DA:35,1
LF:8
LH:7
BRF:0
BRH:0
end_of_record
TN:
SF:src/app/services/product.service.ts
FN:7,(anonymous_0)
FN:9,(anonymous_1)
FN:10,(anonymous_2)
FN:11,(anonymous_3)
FN:12,(anonymous_4)
FN:13,(anonymous_5)
FNF:6
FNH:6
FNDA:13,(anonymous_0)
FNDA:4,(anonymous_1)
FNDA:3,(anonymous_2)
FNDA:2,(anonymous_3)
FNDA:3,(anonymous_4)
FNDA:4,(anonymous_5)
DA:5,1
DA:6,13
DA:7,13
DA:9,4
DA:10,3
DA:11,2
DA:12,3
DA:13,4
LF:8
LH:8
BRF:0
BRH:0
end_of_record
TN:
SF:src/app/services/token.interceptor.ts
FN:7,(anonymous_0)
FNF:1
FNH:1
FNDA:17,(anonymous_0)
DA:6,1
DA:8,17
DA:9,17
DA:10,14
DA:11,14
DA:13,3
LF:6
LH:6
BRDA:9,0,0,14
BRF:1
BRH:1
end_of_record
